WARNING:werkzeug: * Debugger is active!
INFO:werkzeug: * Debugger PIN: 123-294-146
INFO:werkzeug: * Detected change in 'c:\\Users\\ehdrj\\Desktop\\ï¿½ï¿½ï¿½ï¿½\\kyunghee_ticketing\\server.py', reloading
WARNING:werkzeug: * Debugger is active!
INFO:werkzeug: * Debugger PIN: 123-294-146
INFO:werkzeug:[31m[1mWARNING: This is a development server. Do not use it in a production deployment. Use a production WSGI server instead.[0m
 * Running on http://127.0.0.1:5000
INFO:werkzeug:[33mPress CTRL+C to quit[0m
INFO:werkzeug: * Restarting with stat
WARNING:werkzeug: * Debugger is active!
INFO:werkzeug: * Debugger PIN: 123-294-146
INFO:werkzeug: * Detected change in 'c:\\Users\\ehdrj\\Desktop\\ï¿½ï¿½ï¿½ï¿½\\kyunghee_ticketing\\server.py', reloading
INFO:werkzeug: * Restarting with stat
WARNING:werkzeug: * Debugger is active!
INFO:werkzeug: * Debugger PIN: 123-294-146
INFO:werkzeug: * Detected change in 'c:\\Users\\ehdrj\\Desktop\\ï¿½ï¿½ï¿½ï¿½\\kyunghee_ticketing\\server.py', reloading
INFO:werkzeug: * Restarting with stat
WARNING:werkzeug: * Debugger is active!
INFO:werkzeug: * Debugger PIN: 123-294-146
INFO:werkzeug: * Detected change in 'c:\\Users\\ehdrj\\Desktop\\ï¿½ï¿½ï¿½ï¿½\\kyunghee_ticketing\\server.py', reloading
INFO:werkzeug: * Restarting with stat
WARNING:werkzeug: * Debugger is active!
INFO:werkzeug: * Debugger PIN: 123-294-146
INFO:server:2023-12-14  |  ï¿½ï¿½ï¿½ï¿½:È«ï¿½æµ¿/ï¿½ó¹®°ï¿½/A0001SM
INFO:werkzeug:127.0.0.1 - - [14/Dec/2023 21:48:24] "GET /mainEntrial/A0001DD HTTP/1.1" 200 -
INFO:server:2023-12-14  |  ï¿½ï¿½ï¿½ï¿½:È«ï¿½æµ¿/ï¿½ó¹®°ï¿½/A0001SM
INFO:werkzeug:127.0.0.1 - - [14/Dec/2023 21:48:25] "GET /mainEntrial/A0001DD HTTP/1.1" 200 -
INFO:server:2023-12-14  |  ï¿½ï¿½ï¿½ï¿½:È«ï¿½æµ¿/ï¿½ó¹®°ï¿½/A0001SM
INFO:werkzeug:127.0.0.1 - - [14/Dec/2023 21:48:25] "GET /mainEntrial/A0001DD HTTP/1.1" 200 -
INFO:server:2023-12-14  |  ï¿½ï¿½ï¿½ï¿½:È«ï¿½æµ¿/ï¿½ó¹®°ï¿½/A0001SM
INFO:werkzeug:127.0.0.1 - - [14/Dec/2023 21:48:26] "GET /mainEntrial/A0001DD HTTP/1.1" 200 -
INFO:server:2023-12-14  |  ï¿½ï¿½ï¿½ï¿½:È«ï¿½æµ¿/ï¿½ó¹®°ï¿½/A0001SM
INFO:werkzeug:127.0.0.1 - - [14/Dec/2023 21:48:26] "GET /mainEntrial/A0001DD HTTP/1.1" 200 -
INFO:server:2023-12-14  |  ï¿½ï¿½ï¿½ï¿½:È«ï¿½æµ¿/ï¿½ó¹®°ï¿½/A0001SM
INFO:werkzeug:127.0.0.1 - - [14/Dec/2023 21:48:27] "GET /mainEntrial/A0001DD HTTP/1.1" 200 -
INFO:server:2023-12-14  |  ï¿½ï¿½ï¿½ï¿½:È«ï¿½æµ¿/ï¿½ó¹®°ï¿½/A0001SM
INFO:werkzeug:127.0.0.1 - - [14/Dec/2023 21:48:27] "GET /mainEntrial/A0001DD HTTP/1.1" 200 -
INFO:server:2023-12-14  |  ï¿½ï¿½ï¿½ï¿½:0
INFO:werkzeug:127.0.0.1 - - [14/Dec/2023 21:48:30] "GET /recovery/A0001DD HTTP/1.1" 200 -
INFO:werkzeug: * Detected change in 'c:\\Users\\ehdrj\\Desktop\\ï¿½ï¿½ï¿½ï¿½\\kyunghee_ticketing\\server.py', reloading
INFO:werkzeug: * Restarting with stat
WARNING:werkzeug: * Debugger is active!
INFO:werkzeug: * Debugger PIN: 123-294-146
INFO:server:2023-12-14  |  Recover : 0
INFO:werkzeug:127.0.0.1 - - [14/Dec/2023 21:49:24] "GET /recovery/A0001DD HTTP/1.1" 200 -
INFO:server:2023-12-14  |  Recover : 0
INFO:werkzeug:127.0.0.1 - - [14/Dec/2023 21:49:25] "GET /recovery/A0001DD HTTP/1.1" 200 -
INFO:server:2023-12-14  |  Entrial : A0001SM
INFO:werkzeug:127.0.0.1 - - [14/Dec/2023 21:49:27] "GET /mainEntrial/A0001DD HTTP/1.1" 200 -
INFO:server:2023-12-14  |  Entrial : A0001SM
INFO:werkzeug:127.0.0.1 - - [14/Dec/2023 21:49:27] "GET /mainEntrial/A0001DD HTTP/1.1" 200 -
INFO:werkzeug: * Detected change in 'c:\\Users\\ehdrj\\Desktop\\ï¿½ï¿½ï¿½ï¿½\\kyunghee_ticketing\\server.py', reloading
INFO:werkzeug: * Restarting with stat
WARNING:werkzeug: * Debugger is active!
INFO:werkzeug: * Debugger PIN: 123-294-146
INFO:server:2023-12-14  |  Entrial : A0001SM
INFO:werkzeug:127.0.0.1 - - [14/Dec/2023 21:50:03] "GET /mainEntrial/A0001DD HTTP/1.1" 200 -
INFO:server:2023-12-14  |  Entrial : A0001SM
INFO:werkzeug:127.0.0.1 - - [14/Dec/2023 21:50:06] "GET /mainEntrial/A0001DD HTTP/1.1" 200 -
INFO:server:2023-12-14  |  Entrial : A0001SM
INFO:werkzeug:127.0.0.1 - - [14/Dec/2023 21:50:06] "GET /mainEntrial/A0001DD HTTP/1.1" 200 -
INFO:server:2023-12-14  |  Recover : 1
INFO:werkzeug:127.0.0.1 - - [14/Dec/2023 21:50:07] "GET /recovery/A0001DD HTTP/1.1" 200 -
INFO:server:2023-12-14  |  Recover : 1
INFO:werkzeug:127.0.0.1 - - [14/Dec/2023 21:50:08] "GET /recovery/A0001DD HTTP/1.1" 200 -
INFO:werkzeug: * Detected change in 'c:\\Users\\ehdrj\\Desktop\\ï¿½ï¿½ï¿½ï¿½\\kyunghee_ticketing\\server.py', reloading
INFO:werkzeug: * Restarting with stat
WARNING:werkzeug: * Debugger is active!
INFO:werkzeug: * Debugger PIN: 123-294-146
INFO:server:
2023-12-14  |  Entrial : A0001SM
INFO:werkzeug:127.0.0.1 - - [14/Dec/2023 21:54:10] "GET /mainEntrial/A0001DD HTTP/1.1" 200 -
INFO:server:
2023-12-14  |  Entrial : A0001SM
INFO:werkzeug:127.0.0.1 - - [14/Dec/2023 21:54:22] "GET /mainEntrial/A0001DD HTTP/1.1" 200 -
INFO:server:
2023-12-14  |  Recover : 1
INFO:werkzeug:127.0.0.1 - - [14/Dec/2023 21:54:30] "GET /recovery/A0001DD HTTP/1.1" 200 -
INFO:werkzeug: * Detected change in 'c:\\Users\\ehdrj\\Desktop\\°³¹ß\\kyunghee_ticketing\\server.py', reloading
WARNING:werkzeug: * Debugger is active!
INFO:werkzeug: * Debugger PIN: 123-294-146
INFO:server:
2023-12-14  |  Recover : 1 ----------
INFO:werkzeug:127.0.0.1 - - [14/Dec/2023 21:55:10] "GET /recovery/A0001DD HTTP/1.1" 200 -
INFO:server:
2023-12-14  |  Entrial : A0001SM ----------
INFO:werkzeug:127.0.0.1 - - [14/Dec/2023 21:55:18] "GET /mainEntrial/A0001DD HTTP/1.1" 200 -
INFO:werkzeug: * Detected change in 'c:\\Users\\ehdrj\\Desktop\\°³¹ß\\kyunghee_ticketing\\server.py', reloading
WARNING:werkzeug: * Debugger is active!
INFO:werkzeug: * Debugger PIN: 123-294-146
INFO:server:
21:56:00.580119  |  Entrial : A0001SM ----------
INFO:werkzeug:127.0.0.1 - - [14/Dec/2023 21:56:00] "GET /mainEntrial/A0001DD HTTP/1.1" 200 -
INFO:server:
21:56:00.580119  |  Entrial : A0001SM ----------
INFO:werkzeug:127.0.0.1 - - [14/Dec/2023 21:56:01] "GET /mainEntrial/A0001DD HTTP/1.1" 200 -
INFO:server:
21:56:00.580119  |  Recover : 1 ----------
INFO:werkzeug:127.0.0.1 - - [14/Dec/2023 21:56:02] "GET /recovery/A0001DD HTTP/1.1" 200 -
INFO:server:
21:56:00.580119  |  Recover : 1 ----------
INFO:werkzeug:127.0.0.1 - - [14/Dec/2023 21:56:02] "GET /recovery/A0001DD HTTP/1.1" 200 -
INFO:server:
21:56:00.580119  |  Entrial : A0001SM ----------
INFO:werkzeug:127.0.0.1 - - [14/Dec/2023 21:56:38] "GET /mainEntrial/A0001DD HTTP/1.1" 200 -
INFO:werkzeug: * Detected change in 'c:\\Users\\ehdrj\\Desktop\\°³¹ß\\kyunghee_ticketing\\server.py', reloading
INFO:server:
21:58:41.185388  |  Recover : 1 ----------
INFO:server:
21:58:41.185388  |  Recover : 1 ----------
INFO:server:
21:58:41.185388  |  Entrial : A0001SM ----------
INFO:server:
21:58:41.185388  |  Entrial : A0001SM ----------
INFO:server:
21:58:41.185388  |  Entrial : A0001SM ----------
INFO:server:
21:58:41.185388  |  Recover : 1 ----------
INFO:server:
22:17:51.886575  |  Entrial : A0004SW ----------
INFO:server:
22:17:51.886575  |  Entrial : A0008ot ----------
INFO:server:
22:20:07.922099  |  Entrial : A0008ot ----------
INFO:server:
22:20:46.541303  |  Entrial : A0008ot ----------
INFO:server:
22:20:46.541303  |  Entrial : A0008ot ----------
INFO:server:
22:21:43.181001  |  Entrial : A0008ot ----------
INFO:server:
22:22:31.077918  |  Entrial : A0008ot ----------
INFO:server:
22:22:31.077918  |  Entrial : A0011SM ----------
INFO:server:
22:22:31.077918  |  Entrial : A0011SM ----------
INFO:server:
22:22:31.077918  |  Entrial : A0013SG ----------
INFO:server:
22:22:31.077918  |  Entrial : A0020HM ----------
INFO:server:
22:23:43.961359  |  Entrial : A0019JD ----------
INFO:server:
22:23:43.961359  |  Entrial : A0045BP ----------
INFO:server:
22:23:43.961359  |  Entrial : A0056SC ----------
INFO:server:
22:23:43.961359  |  Entrial : A0067YJ ----------
INFO:server:
22:23:43.961359  |  Entrial : A0084SW ----------
INFO:server:
22:26:27.623894  |  Entrial : A0172DD ----------
INFO:server:
22:26:27.623894  |  Entrial : A0170HM ----------
INFO:server:
22:26:27.623894  |  Entrial : A0172DD ----------
INFO:server:
22:28:01.127441  |  Entrial : A0184SW ----------
INFO:server:
22:28:01.127441  |  Entrial : A0193SG ----------
INFO:server:
22:28:01.127441  |  Entrial : A0193SG ----------
INFO:werkzeug:[31m[1mWARNING: This is a development server. Do not use it in a production deployment. Use a production WSGI server instead.[0m
 * Running on all addresses (0.0.0.0)
 * Running on http://127.0.0.1:8000
 * Running on http://10.251.183.105:8000
INFO:werkzeug:[33mPress CTRL+C to quit[0m
INFO:werkzeug: * Restarting with stat
WARNING:werkzeug: * Debugger is active!
INFO:werkzeug: * Debugger PIN: 123-294-146
INFO:werkzeug:[31m[1mWARNING: This is a development server. Do not use it in a production deployment. Use a production WSGI server instead.[0m
 * Running on all addresses (0.0.0.0)
 * Running on http://127.0.0.1:8000
 * Running on http://10.251.183.105:8000
INFO:werkzeug:[33mPress CTRL+C to quit[0m
INFO:werkzeug: * Restarting with stat
WARNING:werkzeug: * Debugger is active!
INFO:werkzeug: * Debugger PIN: 123-294-146
INFO:werkzeug:10.251.183.105 - - [15/Dec/2023 16:49:27] "[33mGET / HTTP/1.1[0m" 404 -
INFO:werkzeug:10.251.183.105 - - [15/Dec/2023 16:49:27] "[33mGET /favicon.ico HTTP/1.1[0m" 404 -
INFO:werkzeug: * Detected change in 'c:\\Users\\ehdrj\\Desktop\\°³¹ß\\Kyunghee_IVMS\\init.py', reloading
INFO:werkzeug: * Restarting with stat
WARNING:werkzeug: * Debugger is active!
INFO:werkzeug: * Debugger PIN: 123-294-146
INFO:werkzeug: * Detected change in 'c:\\Users\\ehdrj\\Desktop\\°³¹ß\\Kyunghee_IVMS\\init.py', reloading
INFO:werkzeug: * Restarting with stat
WARNING:werkzeug: * Debugger is active!
INFO:werkzeug: * Debugger PIN: 123-294-146
INFO:werkzeug: * Detected change in 'c:\\Users\\ehdrj\\Desktop\\°³¹ß\\Kyunghee_IVMS\\getSQLdb.py', reloading
INFO:werkzeug: * Restarting with stat
WARNING:werkzeug: * Debugger is active!
INFO:werkzeug: * Debugger PIN: 123-294-146
INFO:werkzeug: * Detected change in 'c:\\Users\\ehdrj\\Desktop\\°³¹ß\\Kyunghee_IVMS\\approachData.py', reloading
INFO:werkzeug: * Restarting with stat
WARNING:werkzeug: * Debugger is active!
INFO:werkzeug: * Debugger PIN: 123-294-146
INFO:server:
23:18:12.121594  |  Entrial : B0299JD ----------
INFO:server:
23:18:12.121594  |  Entrial : B0299JD ----------
INFO:server:
23:18:12.121594  |  Entrial : C0472DD ----------
INFO:server:
23:18:12.121594  |  Entrial : C0472DD ----------
INFO:server:
23:18:12.121594  |  Entrial : C0430HM ----------
INFO:server:
23:18:12.121594  |  Entrial : C0433SG ----------
INFO:server:
23:18:12.121594  |  Entrial : C0447YJ ----------
INFO:server:
23:25:56.829280  |  Entrial : C0444SW ----------
INFO:server:
23:25:56.829280  |  Entrial : A0001SM ----------
INFO:server:
23:25:56.829280  |  Entrial : A0002DD ----------
INFO:server:
23:25:56.829280  |  Entrial : A0003SG ----------
INFO:server:
23:25:56.829280  |  Entrial : A0004SW ----------
INFO:server:
23:25:56.829280  |  Entrial : A0005BP ----------
INFO:server:
23:25:56.829280  |  Entrial : A0006SC ----------
INFO:server:
23:25:56.829280  |  Entrial : A0007YJ ----------
INFO:server:
23:25:56.829280  |  Entrial : A0008ot ----------
INFO:server:
23:25:56.829280  |  Entrial : A0009JD ----------
INFO:server:
23:25:56.829280  |  Entrial : A0135BP ----------
INFO:server:
23:25:56.829280  |  Entrial : A0010HM ----------
INFO:server:
23:25:56.829280  |  Entrial : A0011SM ----------
INFO:server:
23:25:56.829280  |  Entrial : A0012DD ----------
INFO:server:
23:25:56.829280  |  Entrial : A0013SG ----------
INFO:server:
23:25:56.829280  |  Entrial : A0014SW ----------
INFO:server:
23:25:56.829280  |  Entrial : A0015BP ----------
INFO:server:
23:25:56.829280  |  Entrial : A0016SC ----------
INFO:server:
23:25:56.829280  |  Entrial : A0017YJ ----------
INFO:server:
23:25:56.829280  |  Entrial : A0018ot ----------
INFO:server:
23:25:56.829280  |  Entrial : A0019JD ----------
INFO:server:
23:25:56.829280  |  Entrial : A0020HM ----------
INFO:server:
23:25:56.829280  |  Entrial : A0184SW ----------
INFO:server:
23:25:56.829280  |  Entrial : A0021SM ----------
INFO:server:
23:25:56.829280  |  Entrial : A0020HM ----------
INFO:server:
23:25:56.829280  |  Entrial : A0022DD ----------
INFO:server:
23:25:56.829280  |  Entrial : A0020HM ----------
INFO:server:
23:25:56.829280  |  Entrial : A0023SG ----------
INFO:server:
23:25:56.829280  |  Entrial : A0137YJ ----------
INFO:server:
23:25:56.829280  |  Entrial : B0280HM ----------
INFO:server:
23:25:56.829280  |  Entrial : B0354SW ----------
INFO:server:
08:42:54.719258  |  Entrial : A0001SM ----------
INFO:server:
08:42:54.719258  |  Entrial : A0010HM ----------
INFO:server:
08:42:54.719258  |  Entrial : A0012DD ----------
INFO:server:
08:42:54.719258  |  Entrial : A0003SG ----------
INFO:server:
08:42:54.719258  |  Entrial : A0003SG ----------
INFO:server:
08:42:54.719258  |  Entrial : A0004SW ----------
INFO:server:
08:42:54.719258  |  Entrial : A0005BP ----------
INFO:server:
08:42:54.719258  |  Entrial : A0006SC ----------
INFO:server:
08:42:54.719258  |  Entrial : A0008ot ----------
INFO:server:
08:42:54.719258  |  Entrial : A0010HM ----------
INFO:server:
10:47:27.391608  |  Entrial : A0024SW ----------
INFO:server:
10:47:27.391608  |  Entrial : A0010HM ----------
INFO:server:
23:19:34.147302  |  Entrial : C0373ot ----------
INFO:server:
23:19:34.147302  |  Entrial : C0356EK ----------
INFO:server:
23:19:34.147302  |  Entrial : C0334ot ----------
INFO:server:
23:19:34.147302  |  Entrial : C0304HL ----------
INFO:server:
23:19:34.147302  |  Entrial : C0285JD ----------
INFO:server:
23:19:34.147302  |  Entrial : C0272EK ----------
